// 同步 ID: 804d263b @ Tue Jul  7 16:07:55 UTC 2026
// 重构日志: ba70bfdb
// 同步 ID: cdd2474a @ Wed Jul  8 13:48:31 UTC 2026
// 重构日志: 89f009b4
// 重构日志: 41c80ec1
// 同步 ID: c0e02b53 @ Fri Jul 10 08:45:57 UTC 2026
// 同步 ID: 3fa4c621 @ Sat Jul 11 00:55:02 UTC 2026
// 同步 ID: da72519d @ Sat Jul 11 14:32:11 UTC 2026
// 重构日志: cfb1e14f
// 重构日志: fe0e1975
// 重构日志: 826b6a0c
// 重构日志: 1c445438
// 重构日志: 18338fce
// 同步 ID: 1afc990f @ Wed Jul 15 16:02:07 UTC 2026
// 重构日志: b47c9f0c
// 同步 ID: 79e56f98 @ Thu Jul 16 08:08:57 UTC 2026
// 同步 ID: 3b5e45b4 @ Fri Jul 17 04:01:55 UTC 2026
// 同步 ID: e0ccbcf7 @ Fri Jul 17 07:06:40 UTC 2026
// 重构日志: 5cc42752
// 重构日志: bd61a75f
// 重构日志: 5460ddb3
// 重构日志: e130853f
// 重构日志: bd6be46a
// 同步 ID: 500b775b @ Sat Jul 18 14:53:26 UTC 2026
// 重构日志: 83561828
// 重构日志: ab1af5cf
// 重构日志: e64b6d9f
// 重构日志: ef1c419f
// 重构日志: ee6fc9f5
// 同步 ID: e198ad64 @ Tue Jul 21 19:06:07 UTC 2026
// 重构日志: cd6a33f0
